mode: set
urlserver/cmd/main.go:16.48,18.15 2 0
urlserver/cmd/main.go:18.15,20.3 1 0
urlserver/cmd/main.go:21.2,21.26 1 0
urlserver/cmd/main.go:24.62,25.54 1 0
urlserver/cmd/main.go:25.54,27.17 2 0
urlserver/cmd/main.go:27.17,30.4 2 0
urlserver/cmd/main.go:31.3,32.18 2 0
urlserver/cmd/main.go:32.18,35.4 2 0
urlserver/cmd/main.go:36.3,37.43 2 0
urlserver/cmd/main.go:37.43,40.4 2 0
urlserver/cmd/main.go:41.3,41.25 1 0
urlserver/cmd/main.go:45.62,46.54 1 0
urlserver/cmd/main.go:46.54,48.17 2 0
urlserver/cmd/main.go:48.17,51.4 2 0
urlserver/cmd/main.go:52.3,53.18 2 0
urlserver/cmd/main.go:53.18,56.4 2 0
urlserver/cmd/main.go:57.3,58.43 2 0
urlserver/cmd/main.go:58.43,61.4 2 0
urlserver/cmd/main.go:62.3,62.17 1 0
urlserver/cmd/main.go:62.17,65.4 2 0
urlserver/cmd/main.go:66.3,66.25 1 0
urlserver/cmd/main.go:71.13,86.12 8 0
urlserver/cmd/main.go:86.12,89.77 2 0
urlserver/cmd/main.go:89.77,92.4 2 0
urlserver/cmd/main.go:95.2,101.42 5 0
urlserver/cmd/main.go:101.42,104.3 2 0
urlserver/service/service.go:16.24,22.2 1 1
urlserver/service/service.go:24.49,27.2 2 1
urlserver/service/service.go:29.52,30.25 1 1
urlserver/service/service.go:30.25,32.3 1 0
urlserver/service/service.go:33.2,33.12 1 1
urlserver/service/service.go:36.71,37.46 1 1
urlserver/service/service.go:37.46,40.3 2 0
urlserver/service/service.go:42.2,46.36 2 1
urlserver/service/service.go:49.71,50.25 1 1
urlserver/service/service.go:50.25,52.3 1 0
urlserver/service/service.go:54.2,56.16 2 1
urlserver/service/service.go:56.16,58.3 1 1
urlserver/service/service.go:59.2,59.21 1 1
urlserver/cmd/main.go:16.48,18.15 2 1
urlserver/cmd/main.go:18.15,20.3 1 1
urlserver/cmd/main.go:21.2,21.26 1 1
urlserver/cmd/main.go:24.62,25.54 1 1
urlserver/cmd/main.go:25.54,27.17 2 1
urlserver/cmd/main.go:27.17,30.4 2 1
urlserver/cmd/main.go:31.3,32.18 2 1
urlserver/cmd/main.go:32.18,35.4 2 1
urlserver/cmd/main.go:36.3,37.43 2 1
urlserver/cmd/main.go:37.43,40.4 2 0
urlserver/cmd/main.go:41.3,41.25 1 1
urlserver/cmd/main.go:45.62,46.54 1 1
urlserver/cmd/main.go:46.54,48.17 2 1
urlserver/cmd/main.go:48.17,51.4 2 1
urlserver/cmd/main.go:52.3,53.18 2 1
urlserver/cmd/main.go:53.18,56.4 2 1
urlserver/cmd/main.go:57.3,58.43 2 1
urlserver/cmd/main.go:58.43,61.4 2 0
urlserver/cmd/main.go:62.3,62.17 1 1
urlserver/cmd/main.go:62.17,65.4 2 0
urlserver/cmd/main.go:66.3,66.25 1 1
urlserver/cmd/main.go:71.13,86.12 8 0
urlserver/cmd/main.go:86.12,89.77 2 0
urlserver/cmd/main.go:89.77,92.4 2 0
urlserver/cmd/main.go:95.2,101.42 5 0
urlserver/cmd/main.go:101.42,104.3 2 0
urlserver/service/service.go:16.24,22.2 1 1
urlserver/service/service.go:24.49,27.2 2 1
urlserver/service/service.go:29.52,30.25 1 1
urlserver/service/service.go:30.25,32.3 1 0
urlserver/service/service.go:33.2,33.12 1 1
urlserver/service/service.go:36.71,37.46 1 1
urlserver/service/service.go:37.46,40.3 2 0
urlserver/service/service.go:42.2,46.36 2 1
urlserver/service/service.go:49.71,50.25 1 1
urlserver/service/service.go:50.25,52.3 1 0
urlserver/service/service.go:54.2,56.16 2 1
urlserver/service/service.go:56.16,58.3 1 0
urlserver/service/service.go:59.2,59.21 1 1
